2016-05-05 22:13:35.784  INFO 6032 --- [restartedMain] c.nirav.modi.SpringActivitiApplication   : Starting SpringActivitiApplication on Nimo-PC with PID 6032 (started by Nimo in F:\IDE Projects 2\spring-activiti)
2016-05-05 22:13:35.830  INFO 6032 --- [restartedMain] c.nirav.modi.SpringActivitiApplication   : No active profile set, falling back to default profiles: default
2016-05-05 22:13:35.932  INFO 6032 --- [restartedMain] ationConfigEmbeddedWebApplicationContext : Refreshing org.springframework.boot.context.embedded.AnnotationConfigEmbeddedWebApplicationContext@862cec: startup date [Thu May 05 22:13:35 IST 2016]; root of context hierarchy
2016-05-05 22:13:38.520  INFO 6032 --- [restartedMain] o.s.b.f.s.DefaultListableBeanFactory     : Overriding bean definition for bean 'beanNameViewResolver' with a different definition: replacing [Root bean: class [null]; scope=; abstract=false; lazyInit=false; autowireMode=3; dependencyCheck=0; autowireCandidate=true; primary=false; factoryBeanName=org.springframework.boot.autoconfigure.web.ErrorMvcAutoConfiguration$WhitelabelErrorViewConfiguration; factoryMethodName=beanNameViewResolver; initMethodName=null; destroyMethodName=(inferred); defined in class path resource [org/springframework/boot/autoconfigure/web/ErrorMvcAutoConfiguration$WhitelabelErrorViewConfiguration.class]] with [Root bean: class [null]; scope=; abstract=false; lazyInit=false; autowireMode=3; dependencyCheck=0; autowireCandidate=true; primary=false; factoryBeanName=org.springframework.boot.autoconfigure.web.WebMvcAutoConfiguration$WebMvcAutoConfigurationAdapter; factoryMethodName=beanNameViewResolver; initMethodName=null; destroyMethodName=(inferred); defined in class path resource [org/springframework/boot/autoconfigure/web/WebMvcAutoConfiguration$WebMvcAutoConfigurationAdapter.class]]
2016-05-05 22:13:39.504  INFO 6032 --- [restartedMain] trationDelegate$BeanPostProcessorChecker : Bean 'org.springframework.transaction.annotation.ProxyTransactionManagementConfiguration' of type [class org.springframework.transaction.annotation.ProxyTransactionManagementConfiguration$$EnhancerBySpringCGLIB$$361c05b0] is not eligible for getting processed by all BeanPostProcessors (for example: not eligible for auto-proxying)
2016-05-05 22:13:41.176  INFO 6032 --- [restartedMain] s.b.c.e.t.TomcatEmbeddedServletContainer : Tomcat initialized with port(s): 8080 (http)
2016-05-05 22:13:41.230  INFO 6032 --- [restartedMain] o.apache.catalina.core.StandardService   : Starting service Tomcat
2016-05-05 22:13:41.242  INFO 6032 --- [restartedMain] org.apache.catalina.core.StandardEngine  : Starting Servlet Engine: Apache Tomcat/8.0.32
2016-05-05 22:13:41.984  INFO 6032 --- [localhost-startStop-1] org.apache.jasper.servlet.TldScanner     : At least one JAR was scanned for TLDs yet contained no TLDs. Enable debug logging for this logger for a complete list of JARs that were scanned but no TLDs were found in them. Skipping unneeded JARs during scanning can improve startup time and JSP compilation time.
2016-05-05 22:13:42.004  INFO 6032 --- [localhost-startStop-1] o.a.c.c.C.[Tomcat].[localhost].[/]       : Initializing Spring embedded WebApplicationContext
2016-05-05 22:13:42.005  INFO 6032 --- [localhost-startStop-1] o.s.web.context.ContextLoader            : Root WebApplicationContext: initialization completed in 6077 ms
2016-05-05 22:13:42.820  INFO 6032 --- [localhost-startStop-1] o.s.b.c.e.ServletRegistrationBean        : Mapping servlet: 'dispatcherServlet' to [/]
2016-05-05 22:13:42.835  INFO 6032 --- [localhost-startStop-1] o.s.b.c.e.ServletRegistrationBean        : Mapping servlet: 'webServlet' to [/h2-console/*]
2016-05-05 22:13:42.843  INFO 6032 --- [localhost-startStop-1] o.s.b.c.embedded.FilterRegistrationBean  : Mapping filter: 'characterEncodingFilter' to: [/*]
2016-05-05 22:13:42.845  INFO 6032 --- [localhost-startStop-1] o.s.b.c.embedded.FilterRegistrationBean  : Mapping filter: 'hiddenHttpMethodFilter' to: [/*]
2016-05-05 22:13:42.846  INFO 6032 --- [localhost-startStop-1] o.s.b.c.embedded.FilterRegistrationBean  : Mapping filter: 'httpPutFormContentFilter' to: [/*]
2016-05-05 22:13:42.847  INFO 6032 --- [localhost-startStop-1] o.s.b.c.embedded.FilterRegistrationBean  : Mapping filter: 'requestContextFilter' to: [/*]
2016-05-05 22:13:43.551  INFO 6032 --- [restartedMain] j.LocalContainerEntityManagerFactoryBean : Building JPA container EntityManagerFactory for persistence unit 'default'
2016-05-05 22:13:43.797  INFO 6032 --- [restartedMain] o.hibernate.jpa.internal.util.LogHelper  : HHH000204: Processing PersistenceUnitInfo [
	name: default
	...]
2016-05-05 22:13:44.216  INFO 6032 --- [restartedMain] org.hibernate.Version                    : HHH000412: Hibernate Core {4.3.11.Final}
2016-05-05 22:13:44.219  INFO 6032 --- [restartedMain] org.hibernate.cfg.Environment            : HHH000206: hibernate.properties not found
2016-05-05 22:13:44.222  INFO 6032 --- [restartedMain] org.hibernate.cfg.Environment            : HHH000021: Bytecode provider name : javassist
2016-05-05 22:13:44.716  INFO 6032 --- [restartedMain] o.hibernate.annotations.common.Version   : HCANN000001: Hibernate Commons Annotations {4.0.5.Final}
2016-05-05 22:13:45.681  INFO 6032 --- [restartedMain] org.hibernate.dialect.Dialect            : HHH000400: Using dialect: org.hibernate.dialect.H2Dialect
2016-05-05 22:13:46.267  INFO 6032 --- [restartedMain] o.h.h.i.ast.ASTQueryTranslatorFactory    : HHH000397: Using ASTQueryTranslatorFactory
2016-05-05 22:13:47.069  INFO 6032 --- [restartedMain] org.hibernate.tool.hbm2ddl.SchemaUpdate  : HHH000228: Running hbm2ddl schema update
2016-05-05 22:13:47.071  INFO 6032 --- [restartedMain] org.hibernate.tool.hbm2ddl.SchemaUpdate  : HHH000102: Fetching database metadata
2016-05-05 22:13:47.077  INFO 6032 --- [restartedMain] org.hibernate.tool.hbm2ddl.SchemaUpdate  : HHH000396: Updating schema
2016-05-05 22:13:47.095  INFO 6032 --- [restartedMain] java.sql.DatabaseMetaData                : HHH000262: Table not found: person
2016-05-05 22:13:47.098  INFO 6032 --- [restartedMain] java.sql.DatabaseMetaData                : HHH000262: Table not found: person
2016-05-05 22:13:47.100  INFO 6032 --- [restartedMain] java.sql.DatabaseMetaData                : HHH000262: Table not found: person
2016-05-05 22:13:47.138  INFO 6032 --- [restartedMain] org.hibernate.tool.hbm2ddl.SchemaUpdate  : HHH000232: Schema update complete
2016-05-05 22:13:50.065  INFO 6032 --- [restartedMain] o.activiti.engine.impl.db.DbSqlSession   : performing create on engine with resource org/activiti/db/create/activiti.h2.create.engine.sql
2016-05-05 22:13:50.282  INFO 6032 --- [restartedMain] o.activiti.engine.impl.db.DbSqlSession   : performing create on history with resource org/activiti/db/create/activiti.h2.create.history.sql
2016-05-05 22:13:50.306  INFO 6032 --- [restartedMain] o.activiti.engine.impl.db.DbSqlSession   : performing create on identity with resource org/activiti/db/create/activiti.h2.create.identity.sql
2016-05-05 22:13:50.313  INFO 6032 --- [restartedMain] o.a.engine.impl.ProcessEngineImpl        : ProcessEngine default created
2016-05-05 22:13:50.315  INFO 6032 --- [restartedMain] o.a.e.i.a.DefaultAsyncJobExecutor        : Starting up the default async job executor [org.activiti.spring.SpringAsyncExecutor].
2016-05-05 22:13:50.318  INFO 6032 --- [Thread-10] o.a.e.i.a.AcquireAsyncJobsDueRunnable    : {} starting to acquire async jobs due
2016-05-05 22:13:50.322  INFO 6032 --- [Thread-9] o.a.e.i.a.AcquireTimerJobsRunnable       : {} starting to acquire async jobs due
2016-05-05 22:13:50.507  INFO 6032 --- [restartedMain] o.a.e.impl.bpmn.deployer.BpmnDeployer    : Processing resource F:\IDE Projects 2\spring-activiti\target\classes\processes\multi-task-process.bpmn20.xml
2016-05-05 22:13:52.697  INFO 6032 --- [restartedMain] o.a.e.impl.bpmn.deployer.BpmnDeployer    : Processing resource F:\IDE Projects 2\spring-activiti\target\classes\processes\one-task-process.bpmn20.xml
2016-05-05 22:13:53.846  INFO 6032 --- [restartedMain] s.w.s.m.m.a.RequestMappingHandlerAdapter : Looking for @ControllerAdvice: org.springframework.boot.context.embedded.AnnotationConfigEmbeddedWebApplicationContext@862cec: startup date [Thu May 05 22:13:35 IST 2016]; root of context hierarchy
2016-05-05 22:13:54.089  INFO 6032 --- [restartedMain] s.w.s.m.m.a.RequestMappingHandlerMapping : Mapped "{[/persons/list],methods=[GET]}" onto public java.lang.String com.nirav.modi.controller.PersonsController.persons(org.springframework.ui.ModelMap)
2016-05-05 22:13:54.092  INFO 6032 --- [restartedMain] s.w.s.m.m.a.RequestMappingHandlerMapping : Mapped "{[/tasks],methods=[GET],produces=[application/json]}" onto public java.util.List<com.nirav.modi.controller.ProcessController$TaskRepresentation> com.nirav.modi.controller.ProcessController.getTasks(java.lang.String)
2016-05-05 22:13:54.093  INFO 6032 --- [restartedMain] s.w.s.m.m.a.RequestMappingHandlerMapping : Mapped "{[/start],methods=[GET]}" onto public void com.nirav.modi.controller.ProcessController.startProcessInstance()
2016-05-05 22:13:54.094  INFO 6032 --- [restartedMain] s.w.s.m.m.a.RequestMappingHandlerMapping : Mapped "{[/process],methods=[POST]}" onto public void com.nirav.modi.controller.ProcessController.startProcessInstance(com.nirav.modi.controller.ProcessController$StartProcessRepresentation)
2016-05-05 22:13:54.095  INFO 6032 --- [restartedMain] s.w.s.m.m.a.RequestMappingHandlerMapping : Mapped "{[/diagram/{processInstanceId}],methods=[GET],produces=[image/png]}" onto public byte[] com.nirav.modi.controller.ProcessController.displayProcess(java.lang.String) throws java.io.IOException
2016-05-05 22:13:54.096  INFO 6032 --- [restartedMain] s.w.s.m.m.a.RequestMappingHandlerMapping : Mapped "{[/tasks/list],methods=[GET]}" onto public java.lang.String com.nirav.modi.controller.TaskController.tasks(org.springframework.ui.ModelMap)
2016-05-05 22:13:54.097  INFO 6032 --- [restartedMain] s.w.s.m.m.a.RequestMappingHandlerMapping : Mapped "{[/tasks/complete/{taskId}],methods=[GET]}" onto public java.lang.String com.nirav.modi.controller.TaskController.comlete(java.lang.String)
2016-05-05 22:13:54.100  INFO 6032 --- [restartedMain] s.w.s.m.m.a.RequestMappingHandlerMapping : Mapped "{[/error]}" onto public org.springframework.http.ResponseEntity<java.util.Map<java.lang.String, java.lang.Object>> org.springframework.boot.autoconfigure.web.BasicErrorController.error(javax.servlet.http.HttpServletRequest)
2016-05-05 22:13:54.101  INFO 6032 --- [restartedMain] s.w.s.m.m.a.RequestMappingHandlerMapping : Mapped "{[/error],produces=[text/html]}" onto public org.springframework.web.servlet.ModelAndView org.springframework.boot.autoconfigure.web.BasicErrorController.errorHtml(javax.servlet.http.HttpServletRequest,javax.servlet.http.HttpServletResponse)
2016-05-05 22:13:54.152  INFO 6032 --- [restartedMain] o.s.w.s.handler.SimpleUrlHandlerMapping  : Mapped URL path [/webjars/**] onto handler of type [class org.springframework.web.servlet.resource.ResourceHttpRequestHandler]
2016-05-05 22:13:54.153  INFO 6032 --- [restartedMain] o.s.w.s.handler.SimpleUrlHandlerMapping  : Mapped URL path [/**] onto handler of type [class org.springframework.web.servlet.resource.ResourceHttpRequestHandler]
2016-05-05 22:13:54.228  INFO 6032 --- [restartedMain] o.s.w.s.handler.SimpleUrlHandlerMapping  : Mapped URL path [/**/favicon.ico] onto handler of type [class org.springframework.web.servlet.resource.ResourceHttpRequestHandler]
2016-05-05 22:13:54.532  INFO 6032 --- [restartedMain] o.s.b.d.a.OptionalLiveReloadServer       : LiveReload server is running on port 35729
2016-05-05 22:13:54.617  INFO 6032 --- [restartedMain] o.s.j.e.a.AnnotationMBeanExporter        : Registering beans for JMX exposure on startup
2016-05-05 22:13:55.343  INFO 6032 --- [restartedMain] s.b.c.e.t.TomcatEmbeddedServletContainer : Tomcat started on port(s): 8080 (http)
2016-05-05 22:13:55.839  INFO 6032 --- [restartedMain] c.nirav.modi.SpringActivitiApplication   : Started SpringActivitiApplication in 20.5 seconds (JVM running for 21.703)
2016-05-05 22:20:45.422  INFO 6032 --- [http-nio-8080-exec-1] o.a.c.c.C.[Tomcat].[localhost].[/]       : Initializing Spring FrameworkServlet 'dispatcherServlet'
2016-05-05 22:20:45.423  INFO 6032 --- [http-nio-8080-exec-1] o.s.web.servlet.DispatcherServlet        : FrameworkServlet 'dispatcherServlet': initialization started
2016-05-05 22:20:45.472  INFO 6032 --- [http-nio-8080-exec-1] o.s.web.servlet.DispatcherServlet        : FrameworkServlet 'dispatcherServlet': initialization completed in 48 ms
2016-05-05 22:31:21.788  INFO 2624 --- [main] de.codecentric.batch.Application         : Starting Application on Nimo-PC with PID 2624 (started by Nimo in F:\IDE Projects 2\elk-example-master\elk-example-master\loggging-example-batch)
2016-05-05 22:31:21.893  INFO 2624 --- [main] s.c.a.AnnotationConfigApplicationContext : Refreshing org.springframework.context.annotation.AnnotationConfigApplicationContext@60b431: startup date [Thu May 05 22:31:21 IST 2016]; root of context hierarchy
2016-05-05 22:31:22.981  WARN 2624 --- [main] o.s.c.a.ConfigurationClassEnhancer       : @Bean method ScopeConfiguration.stepScope is non-static and returns an object assignable to Spring's BeanFactoryPostProcessor interface. This will result in a failure to process annotations such as @Autowired, @Resource and @PostConstruct within the method's declaring @Configuration class. Add the 'static' modifier to this method to avoid these container lifecycle issues; see @Bean javadoc for complete details.
2016-05-05 22:31:22.997  WARN 2624 --- [main] o.s.c.a.ConfigurationClassEnhancer       : @Bean method ScopeConfiguration.jobScope is non-static and returns an object assignable to Spring's BeanFactoryPostProcessor interface. This will result in a failure to process annotations such as @Autowired, @Resource and @PostConstruct within the method's declaring @Configuration class. Add the 'static' modifier to this method to avoid these container lifecycle issues; see @Bean javadoc for complete details.
2016-05-05 22:31:23.544  INFO 2624 --- [main] o.s.j.d.e.EmbeddedDatabaseFactory        : Creating embedded database 'testdb'
2016-05-05 22:31:24.425  WARN 2624 --- [main] o.s.b.c.l.AbstractListenerFactoryBean    : org.springframework.batch.item.ItemReader is an interface.  The implementing class will not be queried for annotation based listener configurations.  If using @StepScope on a @Bean method, be sure to return the implementing class so listner annotations can be used.
2016-05-05 22:31:24.597  INFO 2624 --- [main] o.s.jdbc.datasource.init.ScriptUtils     : Executing SQL script from class path resource [org/springframework/batch/core/schema-hsqldb.sql]
2016-05-05 22:31:24.608  INFO 2624 --- [main] o.s.jdbc.datasource.init.ScriptUtils     : Executed SQL script from class path resource [org/springframework/batch/core/schema-hsqldb.sql] in 10 ms.
2016-05-05 22:31:24.985  INFO 2624 --- [main] o.s.j.e.a.AnnotationMBeanExporter        : Registering beans for JMX exposure on startup
2016-05-05 22:31:24.994  INFO 2624 --- [main] o.s.b.a.b.JobLauncherCommandLineRunner   : Running default command line with: []
2016-05-05 22:31:25.005  INFO 2624 --- [main] o.s.b.c.r.s.JobRepositoryFactoryBean     : No database type set, using meta data indicating: HSQL
2016-05-05 22:31:25.304  INFO 2624 --- [main] o.s.b.c.l.support.SimpleJobLauncher      : No TaskExecutor has been set, defaulting to synchronous executor.
2016-05-05 22:31:25.462  INFO 2624 --- [main] o.s.b.c.l.support.SimpleJobLauncher      : Job: [FlowJob: [name=exampleJob]] launched with the following parameters: [{run.id=1}]
2016-05-05 22:31:25.485  INFO 2624 --- [main] o.s.batch.core.job.SimpleStepHandler     : Executing step: [step1]
2016-05-05 22:31:26.873  INFO 2624 --- [main] d.c.batch.item.LogItemProcessor          : Processed->Item [value=Item A, valid=true]
2016-05-05 22:31:26.874  INFO 2624 --- [main] de.codecentric.batch.item.LogItemWriter  : Written->[Item [value=Item A, valid=true]]
2016-05-05 22:31:26.903  INFO 2624 --- [main] o.s.b.c.l.support.SimpleJobLauncher      : Job: [FlowJob: [name=exampleJob]] completed with the following parameters: [{run.id=1}] and the following status: [COMPLETED]
2016-05-05 22:31:26.904  INFO 2624 --- [main] de.codecentric.batch.Application         : Started Application in 5.754 seconds (JVM running for 7.672)
2016-05-05 22:31:26.915  INFO 2624 --- [Thread-1] s.c.a.AnnotationConfigApplicationContext : Closing org.springframework.context.annotation.AnnotationConfigApplicationContext@60b431: startup date [Thu May 05 22:31:21 IST 2016]; root of context hierarchy
2016-05-05 22:31:26.916  INFO 2624 --- [Thread-1] o.s.j.e.a.AnnotationMBeanExporter        : Unregistering JMX-exposed beans on shutdown
2016-05-05 23:03:15.515  INFO 5700 --- [main] de.codecentric.batch.Application         : Starting Application on Nimo-PC with PID 5700 (started by Nimo in F:\IDE Projects 2\elk-example-master\elk-example-master\loggging-example-batch)
2016-05-05 23:03:15.576  INFO 5700 --- [main] s.c.a.AnnotationConfigApplicationContext : Refreshing org.springframework.context.annotation.AnnotationConfigApplicationContext@60b431: startup date [Thu May 05 23:03:15 IST 2016]; root of context hierarchy
2016-05-05 23:03:16.425  WARN 5700 --- [main] o.s.c.a.ConfigurationClassEnhancer       : @Bean method ScopeConfiguration.stepScope is non-static and returns an object assignable to Spring's BeanFactoryPostProcessor interface. This will result in a failure to process annotations such as @Autowired, @Resource and @PostConstruct within the method's declaring @Configuration class. Add the 'static' modifier to this method to avoid these container lifecycle issues; see @Bean javadoc for complete details.
2016-05-05 23:03:16.439  WARN 5700 --- [main] o.s.c.a.ConfigurationClassEnhancer       : @Bean method ScopeConfiguration.jobScope is non-static and returns an object assignable to Spring's BeanFactoryPostProcessor interface. This will result in a failure to process annotations such as @Autowired, @Resource and @PostConstruct within the method's declaring @Configuration class. Add the 'static' modifier to this method to avoid these container lifecycle issues; see @Bean javadoc for complete details.
2016-05-05 23:03:16.615  INFO 5700 --- [main] o.s.j.d.e.EmbeddedDatabaseFactory        : Creating embedded database 'testdb'
2016-05-05 23:03:17.173  WARN 5700 --- [main] o.s.b.c.l.AbstractListenerFactoryBean    : org.springframework.batch.item.ItemReader is an interface.  The implementing class will not be queried for annotation based listener configurations.  If using @StepScope on a @Bean method, be sure to return the implementing class so listner annotations can be used.
2016-05-05 23:03:17.310  INFO 5700 --- [main] o.s.jdbc.datasource.init.ScriptUtils     : Executing SQL script from class path resource [org/springframework/batch/core/schema-hsqldb.sql]
2016-05-05 23:03:17.320  INFO 5700 --- [main] o.s.jdbc.datasource.init.ScriptUtils     : Executed SQL script from class path resource [org/springframework/batch/core/schema-hsqldb.sql] in 9 ms.
2016-05-05 23:03:17.458  INFO 5700 --- [main] o.s.j.e.a.AnnotationMBeanExporter        : Registering beans for JMX exposure on startup
2016-05-05 23:03:17.468  INFO 5700 --- [main] o.s.b.a.b.JobLauncherCommandLineRunner   : Running default command line with: []
2016-05-05 23:03:17.479  INFO 5700 --- [main] o.s.b.c.r.s.JobRepositoryFactoryBean     : No database type set, using meta data indicating: HSQL
2016-05-05 23:03:17.652  INFO 5700 --- [main] o.s.b.c.l.support.SimpleJobLauncher      : No TaskExecutor has been set, defaulting to synchronous executor.
2016-05-05 23:03:17.712  INFO 5700 --- [main] o.s.b.c.l.support.SimpleJobLauncher      : Job: [FlowJob: [name=exampleJob]] launched with the following parameters: [{run.id=1}]
2016-05-05 23:03:17.734  INFO 5700 --- [main] o.s.batch.core.job.SimpleStepHandler     : Executing step: [step1]
2016-05-05 23:03:18.859  INFO 5700 --- [main] d.c.batch.item.LogItemProcessor          : Processed->Item [value=Item A, valid=true]
2016-05-05 23:03:18.860  INFO 5700 --- [main] de.codecentric.batch.item.LogItemWriter  : Written->[Item [value=Item A, valid=true]]
2016-05-05 23:03:18.890  INFO 5700 --- [main] o.s.b.c.l.support.SimpleJobLauncher      : Job: [FlowJob: [name=exampleJob]] completed with the following parameters: [{run.id=1}] and the following status: [COMPLETED]
2016-05-05 23:03:18.891  INFO 5700 --- [main] de.codecentric.batch.Application         : Started Application in 3.678 seconds (JVM running for 4.094)
2016-05-05 23:03:18.892  INFO 5700 --- [Thread-1] s.c.a.AnnotationConfigApplicationContext : Closing org.springframework.context.annotation.AnnotationConfigApplicationContext@60b431: startup date [Thu May 05 23:03:15 IST 2016]; root of context hierarchy
2016-05-05 23:03:18.894  INFO 5700 --- [Thread-1] o.s.j.e.a.AnnotationMBeanExporter        : Unregistering JMX-exposed beans on shutdown
